2016-05-18 18:27:10 [CLIENT] [INFO] Setting user: Player125
2016-05-18 18:27:10 [CLIENT] [INFO] LWJGL Version: 2.9.0
2016-05-18 18:27:11 [CLIENT] [INFO] Reloading ResourceManager: Default
2016-05-18 18:27:13 [CLIENT] [INFO] Reloading ResourceManager: Default, FMLFileResourcePack:Forge Mod Loader, FMLFileResourcePack:Minecraft Forge, FMLFileResourcePack:More Fuels Mod, FMLFileResourcePack:Example Mod
2016-05-18 18:27:14 [CLIENT] [INFO] Reloading ResourceManager: Default, FMLFileResourcePack:Forge Mod Loader, FMLFileResourcePack:Minecraft Forge, FMLFileResourcePack:More Fuels Mod, FMLFileResourcePack:Example Mod
2016-05-18 18:27:14 [CLIENT] [SEVERE] Realms: Server not available!
2016-05-18 18:28:21 [CLIENT] [INFO] Stopping!
2016-05-18 18:34:51 [CLIENT] [INFO] Setting user: Player156
2016-05-18 18:34:51 [CLIENT] [INFO] LWJGL Version: 2.9.0
2016-05-18 18:34:52 [CLIENT] [INFO] Reloading ResourceManager: Default
2016-05-18 18:34:53 [CLIENT] [INFO] Reloading ResourceManager: Default, FMLFileResourcePack:Forge Mod Loader, FMLFileResourcePack:Minecraft Forge, FMLFileResourcePack:More Fuels Mod, FMLFileResourcePack:Example Mod
2016-05-18 18:34:54 [CLIENT] [INFO] Reloading ResourceManager: Default, FMLFileResourcePack:Forge Mod Loader, FMLFileResourcePack:Minecraft Forge, FMLFileResourcePack:More Fuels Mod, FMLFileResourcePack:Example Mod
2016-05-18 18:34:54 [CLIENT] [SEVERE] Realms: Server not available!
2016-05-18 18:35:26 [CLIENT] [INFO] Stopping!
2016-05-18 18:44:31 [CLIENT] [INFO] Setting user: Player984
2016-05-18 18:44:31 [CLIENT] [INFO] LWJGL Version: 2.9.0
2016-05-18 18:44:31 [CLIENT] [INFO] Reloading ResourceManager: Default
2016-05-18 18:44:33 [CLIENT] [INFO] Reloading ResourceManager: Default, FMLFileResourcePack:Forge Mod Loader, FMLFileResourcePack:Minecraft Forge, FMLFileResourcePack:More Fuels Mod
2016-05-18 18:44:33 [CLIENT] [INFO] Reloading ResourceManager: Default, FMLFileResourcePack:Forge Mod Loader, FMLFileResourcePack:Minecraft Forge, FMLFileResourcePack:More Fuels Mod
2016-05-18 18:44:34 [CLIENT] [SEVERE] Realms: Server not available!
2016-05-18 18:45:48 [CLIENT] [INFO] Stopping!
2016-05-18 18:50:29 [CLIENT] [INFO] Setting user: Player828
2016-05-18 18:50:30 [CLIENT] [INFO] LWJGL Version: 2.9.0
2016-05-18 18:50:30 [CLIENT] [INFO] Reloading ResourceManager: Default
2016-05-18 18:50:32 [CLIENT] [INFO] Reloading ResourceManager: Default, FMLFileResourcePack:Forge Mod Loader, FMLFileResourcePack:Minecraft Forge, FMLFileResourcePack:§4§lMore Fuels Mod
2016-05-18 18:50:32 [CLIENT] [INFO] Reloading ResourceManager: Default, FMLFileResourcePack:Forge Mod Loader, FMLFileResourcePack:Minecraft Forge, FMLFileResourcePack:§4§lMore Fuels Mod
2016-05-18 18:50:33 [CLIENT] [SEVERE] Realms: Server not available!
2016-05-18 18:50:54 [CLIENT] [INFO] Stopping!
2016-05-18 19:00:34 [CLIENT] [INFO] Setting user: Player578
2016-05-18 19:00:35 [CLIENT] [INFO] LWJGL Version: 2.9.0
2016-05-18 19:00:35 [CLIENT] [INFO] Reloading ResourceManager: Default
2016-05-18 19:00:37 [CLIENT] [INFO] Reloading ResourceManager: Default, FMLFileResourcePack:Forge Mod Loader, FMLFileResourcePack:Minecraft Forge, FMLFileResourcePack:§4§lMore Fuels Mod
2016-05-18 19:00:37 [CLIENT] [INFO] Reloading ResourceManager: Default, FMLFileResourcePack:Forge Mod Loader, FMLFileResourcePack:Minecraft Forge, FMLFileResourcePack:§4§lMore Fuels Mod
2016-05-18 19:00:38 [CLIENT] [SEVERE] Realms: Server not available!
2016-05-18 19:00:54 [CLIENT] [INFO] Stopping!
2016-05-18 19:01:18 [CLIENT] [INFO] Setting user: Player531
2016-05-18 19:01:19 [CLIENT] [INFO] LWJGL Version: 2.9.0
2016-05-18 19:01:19 [CLIENT] [INFO] Reloading ResourceManager: Default
2016-05-18 19:01:20 [CLIENT] [INFO] Reloading ResourceManager: Default, FMLFileResourcePack:Forge Mod Loader, FMLFileResourcePack:Minecraft Forge, FMLFileResourcePack:§4§lMore Fuels Mod
2016-05-18 19:01:21 [CLIENT] [INFO] Reloading ResourceManager: Default, FMLFileResourcePack:Forge Mod Loader, FMLFileResourcePack:Minecraft Forge, FMLFileResourcePack:§4§lMore Fuels Mod
2016-05-18 19:01:21 [CLIENT] [SEVERE] Realms: Server not available!
2016-05-18 19:01:53 [CLIENT] [INFO] Stopping!
2016-05-23 19:46:49 [CLIENT] [INFO] Setting user: Player656
2016-05-23 19:46:49 [CLIENT] [INFO] LWJGL Version: 2.9.0
2016-05-23 19:46:50 [CLIENT] [INFO] Reloading ResourceManager: Default
2016-05-23 19:46:52 [CLIENT] [INFO] Reloading ResourceManager: Default, FMLFileResourcePack:Forge Mod Loader, FMLFileResourcePack:Minecraft Forge, FMLFileResourcePack:§4§lMore Fuels Mod
2016-05-23 19:46:52 [CLIENT] [INFO] Reloading ResourceManager: Default, FMLFileResourcePack:Forge Mod Loader, FMLFileResourcePack:Minecraft Forge, FMLFileResourcePack:§4§lMore Fuels Mod
2016-05-23 19:46:53 [CLIENT] [SEVERE] Realms: Server not available!
2016-05-23 19:47:19 [CLIENT] [INFO] Stopping!
2016-05-23 19:48:29 [CLIENT] [INFO] Setting user: Player46
2016-05-23 19:48:30 [CLIENT] [INFO] LWJGL Version: 2.9.0
2016-05-23 19:48:30 [CLIENT] [INFO] Reloading ResourceManager: Default
2016-05-23 19:48:31 [CLIENT] [INFO] Reloading ResourceManager: Default, FMLFileResourcePack:Forge Mod Loader, FMLFileResourcePack:Minecraft Forge, FMLFileResourcePack:§4§lMore Fuels Mod
2016-05-23 19:48:32 [CLIENT] [INFO] Reloading ResourceManager: Default, FMLFileResourcePack:Forge Mod Loader, FMLFileResourcePack:Minecraft Forge, FMLFileResourcePack:§4§lMore Fuels Mod
2016-05-23 19:48:32 [CLIENT] [SEVERE] Realms: Server not available!
2016-05-23 19:48:47 [CLIENT] [INFO] Stopping!
2016-05-23 21:09:09 [CLIENT] [INFO] Setting user: Player140
2016-05-23 21:09:10 [CLIENT] [INFO] LWJGL Version: 2.9.0
2016-05-23 21:09:10 [CLIENT] [INFO] Reloading ResourceManager: Default
2016-05-23 21:09:11 [CLIENT] [INFO] Reloading ResourceManager: Default, FMLFileResourcePack:Forge Mod Loader, FMLFileResourcePack:Minecraft Forge, FMLFileResourcePack:§4§lMore Fuels Mod
2016-05-23 21:09:12 [CLIENT] [INFO] Reloading ResourceManager: Default, FMLFileResourcePack:Forge Mod Loader, FMLFileResourcePack:Minecraft Forge, FMLFileResourcePack:§4§lMore Fuels Mod
2016-05-23 21:09:13 [CLIENT] [SEVERE] Realms: Server not available!
2016-05-23 21:09:51 [CLIENT] [INFO] Stopping!
2016-05-23 21:11:09 [CLIENT] [INFO] Setting user: Player671
2016-05-23 21:11:09 [CLIENT] [INFO] LWJGL Version: 2.9.0
2016-05-23 21:11:09 [CLIENT] [INFO] Reloading ResourceManager: Default
2016-05-23 21:11:11 [CLIENT] [INFO] Reloading ResourceManager: Default, FMLFileResourcePack:Forge Mod Loader, FMLFileResourcePack:Minecraft Forge, FMLFileResourcePack:§4§lMore Fuels Mod
2016-05-23 21:11:12 [CLIENT] [INFO] Reloading ResourceManager: Default, FMLFileResourcePack:Forge Mod Loader, FMLFileResourcePack:Minecraft Forge, FMLFileResourcePack:§4§lMore Fuels Mod
2016-05-23 21:11:12 [CLIENT] [SEVERE] Realms: Server not available!
2016-05-23 21:11:25 [CLIENT] [INFO] Stopping!
2016-05-24 17:01:30 [CLIENT] [INFO] Setting user: Player953
2016-05-24 17:01:30 [CLIENT] [INFO] LWJGL Version: 2.9.0
2016-05-24 17:01:31 [CLIENT] [INFO] Reloading ResourceManager: Default
2016-05-24 17:01:33 [CLIENT] [INFO] Reloading ResourceManager: Default, FMLFileResourcePack:Forge Mod Loader, FMLFileResourcePack:Minecraft Forge, FMLFileResourcePack:§4§lMore Fuels Mod
2016-05-24 17:01:33 [CLIENT] [INFO] Reloading ResourceManager: Default, FMLFileResourcePack:Forge Mod Loader, FMLFileResourcePack:Minecraft Forge, FMLFileResourcePack:§4§lMore Fuels Mod
2016-05-24 17:01:34 [CLIENT] [SEVERE] Realms: Server not available!
2016-05-24 17:01:53 [CLIENT] [INFO] Stopping!
2016-05-24 17:14:32 [CLIENT] [INFO] Setting user: Player640
2016-05-24 17:14:32 [CLIENT] [INFO] LWJGL Version: 2.9.0
2016-05-24 17:14:32 [CLIENT] [INFO] Reloading ResourceManager: Default
2016-05-24 17:14:34 [CLIENT] [INFO] Reloading ResourceManager: Default, FMLFileResourcePack:Forge Mod Loader, FMLFileResourcePack:Minecraft Forge, FMLFileResourcePack:§4§lMore Fuels Mod
2016-05-24 17:14:34 [CLIENT] [INFO] Reloading ResourceManager: Default, FMLFileResourcePack:Forge Mod Loader, FMLFileResourcePack:Minecraft Forge, FMLFileResourcePack:§4§lMore Fuels Mod
2016-05-24 17:14:35 [CLIENT] [SEVERE] Realms: Server not available!
2016-05-24 17:14:45 [CLIENT] [INFO] Stopping!
2016-05-24 17:14:58 [CLIENT] [INFO] Setting user: Player765
2016-05-24 17:14:58 [CLIENT] [INFO] LWJGL Version: 2.9.0
2016-05-24 17:14:59 [CLIENT] [INFO] Reloading ResourceManager: Default
2016-05-24 17:15:00 [CLIENT] [INFO] Reloading ResourceManager: Default, FMLFileResourcePack:Forge Mod Loader, FMLFileResourcePack:Minecraft Forge, FMLFileResourcePack:§4§lMore Fuels Mod
2016-05-24 17:15:01 [CLIENT] [INFO] Reloading ResourceManager: Default, FMLFileResourcePack:Forge Mod Loader, FMLFileResourcePack:Minecraft Forge, FMLFileResourcePack:§4§lMore Fuels Mod
2016-05-24 17:15:01 [CLIENT] [SEVERE] Realms: Server not available!
2016-05-24 17:16:12 [CLIENT] [INFO] [CHAT] Usage: /give <player> <item> [amount] [data]
2016-05-24 17:16:17 [CLIENT] [INFO] [CHAT] That player cannot be found
2016-05-24 17:16:53 [CLIENT] [INFO] [CHAT] Given Shrub (ID 31) * 1 to Player765
2016-05-24 17:17:00 [CLIENT] [INFO] [CHAT] '31:1' is not a valid number
2016-05-24 17:17:17 [CLIENT] [INFO] Stopping!
2016-05-28 12:01:17 [CLIENT] [INFO] Setting user: Player890
2016-05-28 12:01:17 [CLIENT] [INFO] LWJGL Version: 2.9.0
2016-05-28 12:01:18 [CLIENT] [INFO] Reloading ResourceManager: Default
2016-05-28 12:01:19 [CLIENT] [INFO] Reloading ResourceManager: Default, FMLFileResourcePack:Forge Mod Loader, FMLFileResourcePack:Minecraft Forge, FMLFileResourcePack:§4§lMore Fuels Mod
2016-05-28 12:01:20 [CLIENT] [INFO] Reloading ResourceManager: Default, FMLFileResourcePack:Forge Mod Loader, FMLFileResourcePack:Minecraft Forge, FMLFileResourcePack:§4§lMore Fuels Mod
2016-05-28 12:01:20 [CLIENT] [SEVERE] Realms: Server not available!
2016-05-28 12:01:33 [CLIENT] [INFO] Stopping!
2016-05-28 12:19:02 [CLIENT] [INFO] Setting user: Player468
2016-05-28 12:19:02 [CLIENT] [INFO] LWJGL Version: 2.9.0
2016-05-28 12:19:02 [CLIENT] [INFO] Reloading ResourceManager: Default
2016-05-28 12:19:04 [CLIENT] [INFO] Reloading ResourceManager: Default, FMLFileResourcePack:Forge Mod Loader, FMLFileResourcePack:Minecraft Forge, FMLFileResourcePack:§4§lMore Fuels Mod
2016-05-28 12:19:04 [CLIENT] [INFO] Reloading ResourceManager: Default, FMLFileResourcePack:Forge Mod Loader, FMLFileResourcePack:Minecraft Forge, FMLFileResourcePack:§4§lMore Fuels Mod
2016-05-28 12:19:05 [CLIENT] [SEVERE] Realms: Server not available!
2016-05-28 12:20:01 [CLIENT] [INFO] Stopping!
2016-05-28 12:20:33 [CLIENT] [INFO] Setting user: Player984
2016-05-28 12:20:33 [CLIENT] [INFO] LWJGL Version: 2.9.0
2016-05-28 12:20:34 [CLIENT] [INFO] Reloading ResourceManager: Default
2016-05-28 12:20:36 [CLIENT] [INFO] Reloading ResourceManager: Default, FMLFileResourcePack:Forge Mod Loader, FMLFileResourcePack:Minecraft Forge, FMLFileResourcePack:§4§lMore Fuels Mod
2016-05-28 12:20:36 [CLIENT] [INFO] Reloading ResourceManager: Default, FMLFileResourcePack:Forge Mod Loader, FMLFileResourcePack:Minecraft Forge, FMLFileResourcePack:§4§lMore Fuels Mod
2016-05-28 12:20:36 [CLIENT] [SEVERE] Realms: Server not available!
2016-05-28 12:43:54 [CLIENT] [INFO] Stopping!
2016-05-28 12:43:57 [CLIENT] [INFO] Setting user: Player828
2016-05-28 12:43:57 [CLIENT] [INFO] LWJGL Version: 2.9.0
2016-05-28 12:43:58 [CLIENT] [INFO] Reloading ResourceManager: Default
2016-05-28 12:43:59 [CLIENT] [INFO] Reloading ResourceManager: Default, FMLFileResourcePack:Forge Mod Loader, FMLFileResourcePack:Minecraft Forge, FMLFileResourcePack:§4§lMore Fuels Mod
2016-05-28 12:44:00 [CLIENT] [INFO] Reloading ResourceManager: Default, FMLFileResourcePack:Forge Mod Loader, FMLFileResourcePack:Minecraft Forge, FMLFileResourcePack:§4§lMore Fuels Mod
2016-05-28 12:44:00 [CLIENT] [SEVERE] Realms: Server not available!
2016-05-28 12:44:43 [CLIENT] [INFO] Stopping!
