2016-05-18 18:27:39 [SERVER] [INFO] Starting integrated minecraft server version 1.6.4
2016-05-18 18:27:39 [SERVER] [INFO] Generating keypair
2016-05-18 18:27:39 [SERVER] [INFO] Converting map!
2016-05-18 18:27:39 [SERVER] [INFO] Scanning folders...
2016-05-18 18:27:39 [SERVER] [INFO] Total conversion count is 0
2016-05-18 18:27:41 [SERVER] [INFO] Preparing start region for level 0
2016-05-18 18:27:42 [SERVER] [INFO] Player125[/127.0.0.1:0] logged in with entity id 1 at (783.5, 4.0, -70.5)
2016-05-18 18:27:42 [SERVER] [INFO] Player125 joined the game
2016-05-18 18:28:18 [SERVER] [INFO] Saving and pausing game...
2016-05-18 18:28:18 [SERVER] [INFO] Saving chunks for level '1.6.test'/Overworld
2016-05-18 18:28:18 [SERVER] [INFO] Saving chunks for level '1.6.test'/Nether
2016-05-18 18:28:18 [SERVER] [INFO] Saving chunks for level '1.6.test'/The End
2016-05-18 18:28:19 [SERVER] [INFO] Stopping server
2016-05-18 18:28:19 [SERVER] [INFO] Saving players
2016-05-18 18:28:19 [SERVER] [INFO] Player125 left the game
2016-05-18 18:28:19 [SERVER] [INFO] Saving worlds
2016-05-18 18:28:19 [SERVER] [INFO] Saving chunks for level '1.6.test'/Overworld
2016-05-18 18:28:19 [SERVER] [INFO] Saving chunks for level '1.6.test'/Nether
2016-05-18 18:28:19 [SERVER] [INFO] Saving chunks for level '1.6.test'/The End
2016-05-18 18:34:58 [SERVER] [INFO] Starting integrated minecraft server version 1.6.4
2016-05-18 18:34:58 [SERVER] [INFO] Generating keypair
2016-05-18 18:34:58 [SERVER] [INFO] Preparing start region for level 0
2016-05-18 18:34:58 [SERVER] [INFO] Player156[/127.0.0.1:0] logged in with entity id 5 at (783.8422006104664, 4.0, -61.48873069918804)
2016-05-18 18:34:58 [SERVER] [INFO] Player156 joined the game
2016-05-18 18:35:21 [SERVER] [INFO] Saving and pausing game...
2016-05-18 18:35:21 [SERVER] [INFO] Saving chunks for level '1.6.test'/Overworld
2016-05-18 18:35:21 [SERVER] [INFO] Saving chunks for level '1.6.test'/Nether
2016-05-18 18:35:21 [SERVER] [INFO] Saving chunks for level '1.6.test'/The End
2016-05-18 18:35:22 [SERVER] [INFO] Stopping server
2016-05-18 18:35:22 [SERVER] [INFO] Saving players
2016-05-18 18:35:22 [SERVER] [INFO] Player156 left the game
2016-05-18 18:35:22 [SERVER] [INFO] Saving worlds
2016-05-18 18:35:22 [SERVER] [INFO] Saving chunks for level '1.6.test'/Overworld
2016-05-18 18:35:22 [SERVER] [INFO] Saving chunks for level '1.6.test'/Nether
2016-05-18 18:35:22 [SERVER] [INFO] Saving chunks for level '1.6.test'/The End
2016-05-18 18:44:36 [SERVER] [INFO] Starting integrated minecraft server version 1.6.4
2016-05-18 18:44:36 [SERVER] [INFO] Generating keypair
2016-05-18 18:44:37 [SERVER] [INFO] Preparing start region for level 0
2016-05-18 18:44:37 [SERVER] [INFO] Player984[/127.0.0.1:0] logged in with entity id 18 at (782.0739208520068, 4.0, -60.845097156157394)
2016-05-18 18:44:37 [SERVER] [INFO] Player984 joined the game
2016-05-18 18:45:47 [SERVER] [INFO] Saving and pausing game...
2016-05-18 18:45:47 [SERVER] [INFO] Saving chunks for level '1.6.test'/Overworld
2016-05-18 18:45:47 [SERVER] [INFO] Saving chunks for level '1.6.test'/Nether
2016-05-18 18:45:47 [SERVER] [INFO] Saving chunks for level '1.6.test'/The End
2016-05-18 18:45:48 [SERVER] [INFO] Stopping server
2016-05-18 18:45:48 [SERVER] [INFO] Saving players
2016-05-18 18:45:48 [SERVER] [INFO] Player984 left the game
2016-05-18 18:45:48 [SERVER] [INFO] Saving worlds
2016-05-18 18:45:48 [SERVER] [INFO] Saving chunks for level '1.6.test'/Overworld
2016-05-18 18:45:48 [SERVER] [INFO] Saving chunks for level '1.6.test'/Nether
2016-05-18 18:45:48 [SERVER] [INFO] Saving chunks for level '1.6.test'/The End
2016-05-18 19:00:40 [SERVER] [INFO] Starting integrated minecraft server version 1.6.4
2016-05-18 19:00:40 [SERVER] [INFO] Generating keypair
2016-05-18 19:00:40 [SERVER] [INFO] Preparing start region for level 0
2016-05-18 19:00:40 [SERVER] [INFO] Player578[/127.0.0.1:0] logged in with entity id 19 at (783.2284456947215, 4.0, -64.06456846774263)
2016-05-18 19:00:40 [SERVER] [INFO] Player578 joined the game
2016-05-18 19:00:53 [SERVER] [INFO] Saving and pausing game...
2016-05-18 19:00:53 [SERVER] [INFO] Saving chunks for level '1.6.test'/Overworld
2016-05-18 19:00:53 [SERVER] [INFO] Saving chunks for level '1.6.test'/Nether
2016-05-18 19:00:53 [SERVER] [INFO] Saving chunks for level '1.6.test'/The End
2016-05-18 19:00:53 [SERVER] [INFO] Stopping server
2016-05-18 19:00:53 [SERVER] [INFO] Saving players
2016-05-18 19:00:53 [SERVER] [INFO] Player578 left the game
2016-05-18 19:00:53 [SERVER] [INFO] Saving worlds
2016-05-18 19:00:53 [SERVER] [INFO] Saving chunks for level '1.6.test'/Overworld
2016-05-18 19:00:53 [SERVER] [INFO] Saving chunks for level '1.6.test'/Nether
2016-05-18 19:00:53 [SERVER] [INFO] Saving chunks for level '1.6.test'/The End
2016-05-18 19:01:22 [SERVER] [INFO] Starting integrated minecraft server version 1.6.4
2016-05-18 19:01:22 [SERVER] [INFO] Generating keypair
2016-05-18 19:01:22 [SERVER] [INFO] Preparing start region for level 0
2016-05-18 19:01:23 [SERVER] [INFO] Player531[/127.0.0.1:0] logged in with entity id 19 at (782.0944992841007, 4.0, -62.51362327813369)
2016-05-18 19:01:23 [SERVER] [INFO] Player531 joined the game
2016-05-18 19:01:51 [SERVER] [INFO] Saving and pausing game...
2016-05-18 19:01:51 [SERVER] [INFO] Saving chunks for level '1.6.test'/Overworld
2016-05-18 19:01:51 [SERVER] [INFO] Saving chunks for level '1.6.test'/Nether
2016-05-18 19:01:51 [SERVER] [INFO] Saving chunks for level '1.6.test'/The End
2016-05-18 19:01:52 [SERVER] [INFO] Stopping server
2016-05-18 19:01:52 [SERVER] [INFO] Saving players
2016-05-18 19:01:52 [SERVER] [INFO] Player531 left the game
2016-05-18 19:01:52 [SERVER] [INFO] Saving worlds
2016-05-18 19:01:52 [SERVER] [INFO] Saving chunks for level '1.6.test'/Overworld
2016-05-18 19:01:52 [SERVER] [INFO] Saving chunks for level '1.6.test'/Nether
2016-05-18 19:01:52 [SERVER] [INFO] Saving chunks for level '1.6.test'/The End
2016-05-23 19:46:58 [SERVER] [INFO] Starting integrated minecraft server version 1.6.4
2016-05-23 19:46:58 [SERVER] [INFO] Generating keypair
2016-05-23 19:46:58 [SERVER] [INFO] Preparing start region for level 0
2016-05-23 19:46:59 [SERVER] [INFO] Player656[/127.0.0.1:0] logged in with entity id 18 at (781.6888194903246, 4.0, -61.589884163809046)
2016-05-23 19:46:59 [SERVER] [INFO] Player656 joined the game
2016-05-23 19:47:17 [SERVER] [INFO] Saving and pausing game...
2016-05-23 19:47:17 [SERVER] [INFO] Saving chunks for level '1.6.test'/Overworld
2016-05-23 19:47:17 [SERVER] [INFO] Saving chunks for level '1.6.test'/Nether
2016-05-23 19:47:17 [SERVER] [INFO] Saving chunks for level '1.6.test'/The End
2016-05-23 19:47:18 [SERVER] [INFO] Stopping server
2016-05-23 19:47:18 [SERVER] [INFO] Saving players
2016-05-23 19:47:18 [SERVER] [INFO] Player656 left the game
2016-05-23 19:47:18 [SERVER] [INFO] Saving worlds
2016-05-23 19:47:18 [SERVER] [INFO] Saving chunks for level '1.6.test'/Overworld
2016-05-23 19:47:18 [SERVER] [INFO] Saving chunks for level '1.6.test'/Nether
2016-05-23 19:47:18 [SERVER] [INFO] Saving chunks for level '1.6.test'/The End
2016-05-23 19:48:38 [SERVER] [INFO] Starting integrated minecraft server version 1.6.4
2016-05-23 19:48:38 [SERVER] [INFO] Generating keypair
2016-05-23 19:48:38 [SERVER] [INFO] Preparing start region for level 0
2016-05-23 19:48:39 [SERVER] [INFO] Player46[/127.0.0.1:0] logged in with entity id 17 at (781.9727584948938, 4.0, -61.11680656304296)
2016-05-23 19:48:39 [SERVER] [INFO] Player46 joined the game
2016-05-23 19:48:46 [SERVER] [INFO] Saving and pausing game...
2016-05-23 19:48:46 [SERVER] [INFO] Saving chunks for level '1.6.test'/Overworld
2016-05-23 19:48:46 [SERVER] [INFO] Saving chunks for level '1.6.test'/Nether
2016-05-23 19:48:46 [SERVER] [INFO] Saving chunks for level '1.6.test'/The End
2016-05-23 19:48:47 [SERVER] [INFO] Stopping server
2016-05-23 19:48:47 [SERVER] [INFO] Saving players
2016-05-23 19:48:47 [SERVER] [INFO] Player46 left the game
2016-05-23 19:48:47 [SERVER] [INFO] Saving worlds
2016-05-23 19:48:47 [SERVER] [INFO] Saving chunks for level '1.6.test'/Overworld
2016-05-23 19:48:47 [SERVER] [INFO] Saving chunks for level '1.6.test'/Nether
2016-05-23 19:48:47 [SERVER] [INFO] Saving chunks for level '1.6.test'/The End
